<?xml version="1.0" encoding="UTF-8"?>
<testng-results ignored="0" total="1" passed="1" failed="0" skipped="0">
  <reporter-output>
    <line>
      <![CDATA[Extent Report Directory C:\Users\17185\Downloads\Bootcamp\test-output\html]]>
    </line>
  </reporter-output>
  <suite started-at="2022-06-25T17:39:57Z" name="Petstore smoke Petstore" finished-at="2022-06-25T17:40:48Z" duration-ms="51117">
    <groups>
    </groups>
    <test started-at="2022-06-25T17:39:57Z" name="PetStore" finished-at="2022-06-25T17:40:48Z" duration-ms="51117">
      <class name="apps.pets.SearchTest">
        <test-method is-config="true" signature="extentSetup(org.testng.ITestContext)[pri:0, instance:apps.pets.SearchTest@196a42c3]" started-at="2022-06-25T17:39:57Z" name="extentSetup" finished-at="2022-06-25T17:39:57Z" duration-ms="399" status="PASS">
          <params>
            <param index="0">
              <value>
                <![CDATA[org.testng.TestRunner@53b1a3f8]]>
              </value>
            </param>
          </params>
          <reporter-output>
            <line>
              <![CDATA[Extent Report Directory C:\Users\17185\Downloads\Bootcamp\test-output\html]]>
            </line>
          </reporter-output>
        </test-method> <!-- extentSetup -->
        <test-method is-config="true" signature="setUp(boolean, java.lang.String, java.lang.String, java.lang.String, java.lang.String, java.lang.String, java.lang.String)[pri:0, instance:apps.pets.SearchTest@196a42c3]" started-at="2022-06-25T17:39:57Z" name="setUp" finished-at="2022-06-25T17:40:03Z" duration-ms="6181" status="PASS">
          <params>
            <param index="0">
              <value>
                <![CDATA[false]]>
              </value>
            </param>
            <param index="1">
              <value>
                <![CDATA[browserstack]]>
              </value>
            </param>
            <param index="2">
              <value>
                <![CDATA[windows]]>
              </value>
            </param>
            <param index="3">
              <value>
                <![CDATA[10]]>
              </value>
            </param>
            <param index="4">
              <value>
                <![CDATA[chrome]]>
              </value>
            </param>
            <param index="5">
              <value>
                <![CDATA[102]]>
              </value>
            </param>
            <param index="6">
              <value>
                <![CDATA[https://petstore.octoperf.com/]]>
              </value>
            </param>
          </params>
          <reporter-output>
          </reporter-output>
        </test-method> <!-- setUp -->
        <test-method is-config="true" signature="startExtent(java.lang.reflect.Method)[pri:0, instance:apps.pets.SearchTest@196a42c3]" started-at="2022-06-25T17:40:03Z" name="startExtent" finished-at="2022-06-25T17:40:03Z" duration-ms="8" status="PASS">
          <params>
            <param index="0">
              <value>
                <![CDATA[public void apps.pets.SearchTest.searchMultiplePetsWithExcel()]]>
              </value>
            </param>
          </params>
          <reporter-output>
          </reporter-output>
        </test-method> <!-- startExtent -->
        <test-method signature="searchMultiplePetsWithExcel()[pri:0, instance:apps.pets.SearchTest@196a42c3]" started-at="2022-06-25T17:40:03Z" name="searchMultiplePetsWithExcel" finished-at="2022-06-25T17:40:47Z" duration-ms="43739" status="PASS">
          <reporter-output>
          </reporter-output>
        </test-method> <!-- searchMultiplePetsWithExcel -->
        <test-method is-config="true" signature="afterEachTestMethod(org.testng.ITestResult)[pri:0, instance:apps.pets.SearchTest@196a42c3]" started-at="2022-06-25T17:40:47Z" name="afterEachTestMethod" finished-at="2022-06-25T17:40:48Z" duration-ms="1156" status="PASS">
          <params>
            <param index="0">
              <value>
                <![CDATA[[TestResult name=searchMultiplePetsWithExcel status=SUCCESS method=SearchTest.searchMultiplePetsWithExcel()[pri:0, instance:apps.pets.SearchTest@196a42c3] output={null}]]]>
              </value>
            </param>
          </params>
          <reporter-output>
          </reporter-output>
        </test-method> <!-- afterEachTestMethod -->
        <test-method is-config="true" signature="endLOG()[pri:0, instance:apps.pets.SearchTest@196a42c3]" started-at="2022-06-25T17:40:48Z" name="endLOG" finished-at="2022-06-25T17:40:48Z" duration-ms="1" status="PASS">
          <reporter-output>
          </reporter-output>
        </test-method> <!-- endLOG -->
        <test-method is-config="true" signature="generateReport()[pri:0, instance:apps.pets.SearchTest@196a42c3]" started-at="2022-06-25T17:40:48Z" name="generateReport" finished-at="2022-06-25T17:40:48Z" duration-ms="59" status="PASS">
          <reporter-output>
          </reporter-output>
        </test-method> <!-- generateReport -->
      </class> <!-- apps.pets.SearchTest -->
    </test> <!-- PetStore -->
  </suite> <!-- Petstore smoke Petstore -->
</testng-results>
